\BOOKMARK [1][-]{section.1}{Introduction}{}% 1
\BOOKMARK [2][-]{subsection.1.1}{A brief history of solitons}{section.1}% 2
\BOOKMARK [2][-]{subsection.1.2}{High-frequency limit}{section.1}% 3
\BOOKMARK [2][-]{subsection.1.3}{Outline}{section.1}% 4
\BOOKMARK [1][-]{section.2}{Solution for N = 2}{}% 5
\BOOKMARK [2][-]{subsection.2.1}{HF Novikov equation}{section.2}% 6
\BOOKMARK [2][-]{subsection.2.2}{Periodic HF Novikov equation}{section.2}% 7
\BOOKMARK [1][-]{section.3}{Numerical analysis}{}% 8
\BOOKMARK [2][-]{subsection.3.1}{HF Novikov equation}{section.3}% 9
\BOOKMARK [2][-]{subsection.3.2}{Periodic HF Novikov equation}{section.3}% 10
\BOOKMARK [1][-]{section.4}{Hamiltonian structure}{}% 11
\BOOKMARK [2][-]{subsection.4.1}{Comparison to other soliton equations}{section.4}% 12
\BOOKMARK [1][-]{section.5}{Constants of motion by direct search}{}% 13
\BOOKMARK [1][-]{section.6}{Constants of motion for a generalized system of ODEs}{}% 14
\BOOKMARK [1][-]{section.7}{Constants of motion from the Lax pair}{}% 15
\BOOKMARK [2][-]{subsection.7.1}{Preliminaries}{section.7}% 16
\BOOKMARK [2][-]{subsection.7.2}{Constants of motion}{section.7}% 17
\BOOKMARK [2][-]{subsection.7.3}{Discussion of the constants of motion}{section.7}% 18
\BOOKMARK [1][-]{appendix.A}{Derivation of the ODE system}{}% 19
\BOOKMARK [1][-]{appendix.B}{Verification of the Lax pair for the ansatz}{}% 20
